<?xml version="1.0" encoding="UTF-8"?>
<!-- Generated by org.testng.reporters.JUnitXMLReporter -->
<testsuite ignored="0" hostname="DESKTOP-TE81UB3" failures="0" tests="3" name="homepageTest" time="6.333" errors="0" timestamp="2025-11-30T14:16:10 IST">
  <testcase classname="com.CRM.TestCases.HomePageTestCase" name="verifyUrl" time="0.083"/>
  <testcase classname="com.CRM.TestCases.HomePageTestCase" name="verifyTitle" time="0.01"/>
  <testcase classname="com.CRM.TestCases.HomePageTestCase" name="validateSignInLink" time="2.656"/>
</testsuite> <!-- homepageTest -->
