<?xml version="1.0" encoding="UTF-8"?>
<!-- Generated by org.testng.reporters.JUnitXMLReporter -->
<testsuite ignored="0" hostname="DESKTOP-TE81UB3" failures="0" tests="3" name="Testcrm" time="6.251" errors="0" timestamp="2025-11-30T16:41:42 IST">
  <testcase classname="com.CRM.TestCases.HomePageTestCase" name="verifyUrl" time="0.082"/>
  <testcase classname="com.CRM.TestCases.HomePageTestCase" name="verifyTitle" time="0.01"/>
  <testcase classname="com.CRM.TestCases.HomePageTestCase" name="validateSignInLink" time="2.631"/>
</testsuite> <!-- Testcrm -->
