<?xml version="1.0" encoding="UTF-8"?>
<testng-results ignored="0" total="3" passed="3" failed="0" skipped="0">
  <reporter-output>
  </reporter-output>
  <suite started-at="2025-11-30T19:59:13 IST" name="Suite" finished-at="2025-11-30T20:00:17 IST" duration-ms="64208">
    <groups>
    </groups>
    <test started-at="2025-11-30T19:59:13 IST" name="ChromeTest" finished-at="2025-11-30T20:00:06 IST" duration-ms="53259">
      <class name="SeleniumGrid.ParallelTest">
        <test-method signature="crossBrowserTest(java.lang.String)[pri:0, instance:SeleniumGrid.ParallelTest@36d585c]" started-at="2025-11-30T19:59:13 IST" name="crossBrowserTest" finished-at="2025-11-30T20:00:06 IST" duration-ms="53115" status="PASS">
          <params>
            <param index="0">
              <value>
                <![CDATA[Chrome]]>
              </value>
            </param>
          </params>
          <reporter-output>
          </reporter-output>
        </test-method> <!-- crossBrowserTest -->
      </class> <!-- SeleniumGrid.ParallelTest -->
    </test> <!-- ChromeTest -->
    <test started-at="2025-11-30T19:59:13 IST" name="FirefoxTest" finished-at="2025-11-30T20:00:08 IST" duration-ms="55182">
      <class name="SeleniumGrid.ParallelTest">
        <test-method signature="crossBrowserTest(java.lang.String)[pri:0, instance:SeleniumGrid.ParallelTest@51dcb805]" started-at="2025-11-30T19:59:13 IST" name="crossBrowserTest" finished-at="2025-11-30T20:00:08 IST" duration-ms="55065" status="PASS">
          <params>
            <param index="0">
              <value>
                <![CDATA[Firefox]]>
              </value>
            </param>
          </params>
          <reporter-output>
          </reporter-output>
        </test-method> <!-- crossBrowserTest -->
      </class> <!-- SeleniumGrid.ParallelTest -->
    </test> <!-- FirefoxTest -->
    <test started-at="2025-11-30T19:59:13 IST" name="EdgeTest" finished-at="2025-11-30T20:00:17 IST" duration-ms="64208">
      <class name="SeleniumGrid.ParallelTest">
        <test-method signature="crossBrowserTest(java.lang.String)[pri:0, instance:SeleniumGrid.ParallelTest@cad498c]" started-at="2025-11-30T19:59:13 IST" name="crossBrowserTest" finished-at="2025-11-30T20:00:17 IST" duration-ms="64092" status="PASS">
          <params>
            <param index="0">
              <value>
                <![CDATA[Edge]]>
              </value>
            </param>
          </params>
          <reporter-output>
          </reporter-output>
        </test-method> <!-- crossBrowserTest -->
      </class> <!-- SeleniumGrid.ParallelTest -->
    </test> <!-- EdgeTest -->
  </suite> <!-- Suite -->
</testng-results>
