<?xml version="1.0" encoding="UTF-8"?>
<!-- Generated by org.testng.reporters.JUnitReportReporter -->
<testsuite hostname="DESKTOP-TE81UB3" failures="0" tests="3" name="SeleniumGrid.ParallelTest" time="172.272" errors="0" timestamp="2025-11-30T20:00:18 IST" skipped="0">
  <testcase classname="SeleniumGrid.ParallelTest" name="crossBrowserTest" time="64.092"/>
  <testcase classname="SeleniumGrid.ParallelTest" name="crossBrowserTest" time="55.065"/>
  <testcase classname="SeleniumGrid.ParallelTest" name="crossBrowserTest" time="53.115"/>
</testsuite> <!-- SeleniumGrid.ParallelTest -->
