<?xml version="1.0" encoding="UTF-8"?>
<!-- Generated by org.testng.reporters.JUnitReportReporter -->
<testsuite hostname="DESKTOP-TE81UB3" failures="0" tests="3" name="com.CRM.TestCases.HomePageTestCase" time="2.723" errors="0" timestamp="2025-11-30T16:41:49 IST" skipped="0">
  <testcase classname="com.CRM.TestCases.HomePageTestCase" name="verifyUrl" time="0.082"/>
  <testcase classname="com.CRM.TestCases.HomePageTestCase" name="verifyTitle" time="0.010"/>
  <testcase classname="com.CRM.TestCases.HomePageTestCase" name="validateSignInLink" time="2.631"/>
</testsuite> <!-- com.CRM.TestCases.HomePageTestCase -->
